<?xml version="1.0" encoding="UTF-8"?>
<!-- Generated by org.testng.reporters.JUnitReportReporter -->
<testsuite hostname="LAPTOP-2M5E1F8H" failures="0" tests="2" name="com.pritamecom.testcases.TC_MyAccountPg" time="35.870" errors="0" timestamp="2022-08-08T11:50:17 IST" skipped="1">
  <testcase classname="com.pritamecom.testcases.TC_MyAccountPg" name="verifyLogin" time="35.870"/>
  <system-out/>
  <testcase classname="com.pritamecom.testcases.TC_MyAccountPg" name="verifyRegistrationAndLogin">
    <skipped/>
  </testcase> <!-- verifyRegistrationAndLogin -->
  <system-out/>
</testsuite> <!-- com.pritamecom.testcases.TC_MyAccountPg -->
